TN:
SF:src/Applications/security/PasswordHash.js
FN:2,(anonymous_0)
FNF:1
FNH:1
FNDA:1,(anonymous_0)
DA:3,1
DA:7,4
LF:2
LH:2
BRF:0
BRH:0
end_of_record
TN:
SF:src/Applications/use_case/AddUserUseCase.js
FN:4,(anonymous_0)
FN:9,(anonymous_1)
FNF:2
FNH:2
FNDA:2,(anonymous_0)
FNDA:7,(anonymous_1)
DA:1,2
DA:5,2
DA:6,2
DA:10,7
DA:11,3
DA:12,2
DA:14,2
DA:18,2
LF:8
LH:8
BRF:0
BRH:0
end_of_record
TN:
SF:src/Commons/exceptions/AuthenticationError.js
FN:4,(anonymous_0)
FNF:1
FNH:1
FNDA:1,(anonymous_0)
DA:1,1
DA:5,1
DA:6,1
DA:10,1
LF:4
LH:4
BRF:0
BRH:0
end_of_record
TN:
SF:src/Commons/exceptions/ClientError.js
FN:2,(anonymous_0)
FNF:1
FNH:1
FNDA:18,(anonymous_0)
DA:3,18
DA:5,18
DA:6,1
DA:9,17
DA:10,17
DA:14,7
LF:6
LH:6
BRDA:2,0,0,16
BRDA:5,1,0,1
BRDA:5,1,1,17
BRF:3
BRH:3
end_of_record
TN:
SF:src/Commons/exceptions/DomainErrorTranslator.js
FN:5,(anonymous_0)
FNF:1
FNH:1
FNDA:12,(anonymous_0)
DA:2,2
DA:4,2
DA:6,12
DA:10,2
DA:17,2
LF:5
LH:5
BRDA:6,0,0,12
BRDA:6,0,1,4
BRF:2
BRH:2
end_of_record
TN:
SF:src/Commons/exceptions/InvariantError.js
FN:4,(anonymous_0)
FNF:1
FNH:1
FNDA:15,(anonymous_0)
DA:1,4
DA:5,15
DA:6,15
DA:10,4
LF:4
LH:4
BRF:0
BRH:0
end_of_record
TN:
SF:src/Commons/exceptions/NotFoundError.js
FN:4,(anonymous_0)
FNF:1
FNH:1
FNDA:1,(anonymous_0)
DA:1,1
DA:5,1
DA:6,1
DA:10,1
LF:4
LH:4
BRF:0
BRH:0
end_of_record
TN:
SF:src/Domains/users/UserRepository.js
FN:2,(anonymous_0)
FN:6,(anonymous_1)
FNF:2
FNH:2
FNDA:1,(anonymous_0)
FNDA:1,(anonymous_1)
DA:3,1
DA:7,1
DA:11,4
LF:3
LH:3
BRF:0
BRH:0
end_of_record
TN:
SF:src/Domains/users/entities/RegisterUser.js
FN:2,(anonymous_0)
FN:12,(anonymous_1)
FNF:2
FNH:2
FNDA:15,(anonymous_0)
FNDA:15,(anonymous_1)
DA:3,15
DA:5,7
DA:7,7
DA:8,7
DA:9,7
DA:13,15
DA:14,2
DA:17,13
DA:20,2
DA:23,11
DA:24,2
DA:27,9
DA:28,2
DA:31,7
DA:32,7
DA:33,7
DA:37,4
LF:17
LH:17
BRDA:13,0,0,2
BRDA:13,0,1,13
BRDA:13,1,0,15
BRDA:13,1,1,14
BRDA:13,1,2,14
BRDA:17,2,0,2
BRDA:17,2,1,11
BRDA:17,3,0,13
BRDA:17,3,1,12
BRDA:17,3,2,12
BRDA:23,4,0,2
BRDA:23,4,1,9
BRDA:27,5,0,2
BRDA:27,5,1,7
BRF:14
BRH:14
end_of_record
TN:
SF:src/Domains/users/entities/RegisteredUser.js
FN:2,(anonymous_0)
FN:12,(anonymous_1)
FNF:2
FNH:2
FNDA:8,(anonymous_0)
FNDA:8,(anonymous_1)
DA:3,8
DA:5,6
DA:7,6
DA:8,6
DA:9,6
DA:13,8
DA:14,1
DA:17,7
DA:20,1
DA:25,4
LF:10
LH:10
BRDA:13,0,0,1
BRDA:13,0,1,7
BRDA:13,1,0,8
BRDA:13,1,1,7
BRDA:13,1,2,7
BRDA:17,2,0,1
BRDA:17,2,1,6
BRDA:17,3,0,7
BRDA:17,3,1,6
BRDA:17,3,2,6
BRF:10
BRH:10
end_of_record
TN:
SF:src/Infrastructures/http/createServer.js
FN:7,(anonymous_0)
FN:19,(anonymous_1)
FNF:2
FNH:2
FNDA:8,(anonymous_0)
FNDA:8,(anonymous_1)
DA:2,1
DA:3,1
DA:4,1
DA:5,1
DA:7,1
DA:8,8
DA:13,8
DA:19,8
DA:21,8
DA:22,8
DA:24,7
DA:26,7
DA:27,5
DA:31,5
DA:32,5
DA:36,2
DA:37,1
DA:41,1
DA:45,1
DA:46,1
DA:50,1
DA:54,8
DA:57,1
LF:23
LH:23
BRDA:22,0,0,7
BRDA:22,0,1,1
BRDA:26,1,0,5
BRDA:26,1,1,2
BRDA:36,2,0,1
BRDA:36,2,1,1
BRF:6
BRH:6
end_of_record
TN:
SF:src/Infrastructures/repository/UserRepositoryPostgres.js
FN:6,(anonymous_0)
FN:12,(anonymous_1)
FN:25,(anonymous_2)
FNF:3
FNH:3
FNDA:5,(anonymous_0)
FNDA:4,(anonymous_1)
FNDA:3,(anonymous_2)
DA:1,2
DA:2,2
DA:3,2
DA:7,5
DA:8,5
DA:9,5
DA:13,4
DA:18,4
DA:20,4
DA:21,2
DA:26,3
DA:27,3
DA:29,3
DA:36,3
DA:38,3
DA:42,2
LF:16
LH:16
BRDA:20,0,0,2
BRDA:20,0,1,2
BRF:2
BRH:2
end_of_record
TN:
SF:src/Infrastructures/security/BcryptPasswordHash.js
FN:4,(anonymous_0)
FN:10,(anonymous_1)
FNF:2
FNH:2
FNDA:2,(anonymous_0)
FNDA:2,(anonymous_1)
DA:1,2
DA:5,2
DA:6,2
DA:7,2
DA:11,2
DA:15,2
LF:6
LH:6
BRDA:4,0,0,2
BRF:1
BRH:1
end_of_record
TN:
SF:src/Interfaces/http/api/users/handler.js
FN:5,(anonymous_0)
FN:11,(anonymous_1)
FNF:2
FNH:2
FNDA:8,(anonymous_0)
FNDA:7,(anonymous_1)
DA:2,1
DA:6,8
DA:8,8
DA:12,7
DA:13,6
DA:14,1
DA:20,1
DA:21,1
DA:25,1
LF:9
LH:9
BRF:0
BRH:0
end_of_record
TN:
SF:src/Interfaces/http/api/users/index.js
FN:6,(anonymous_0)
FNF:1
FNH:1
FNDA:8,(anonymous_0)
DA:1,1
DA:2,1
DA:4,1
DA:7,8
DA:8,8
LF:5
LH:5
BRF:0
BRH:0
end_of_record
TN:
SF:src/Interfaces/http/api/users/routes.js
FN:1,(anonymous_0)
FNF:1
FNH:1
FNDA:8,(anonymous_0)
DA:1,8
DA:9,1
LF:2
LH:2
BRF:0
BRH:0
end_of_record
